<?xml version="1.0" encoding="UTF-8"?>
<!-- Generated by org.testng.reporters.JUnitReportReporter -->
<testsuite hostname="LAPTOP-CS6VK75P" failures="0" tests="1" name="pc05132.demo12.report.test.ReportTest" time="24.822" errors="0" timestamp="2023-11-29T11:09:48 ICT" skipped="0">
  <testcase classname="pc05132.demo12.report.test.ReportTest" name="loginTest" time="24.822"/>
  <system-out/>
</testsuite> <!-- pc05132.demo12.report.test.ReportTest -->
