<?xml version="1.0" encoding="UTF-8"?>
<!-- Generated by org.testng.reporters.JUnitReportReporter -->
<testsuite hostname="LAPTOP-CS6VK75P" failures="0" tests="1" name="com.ttt.TEST.TestLoginWebExportExecl" time="54.694" errors="0" timestamp="2023-12-07T10:24:55 ICT" skipped="0">
  <testcase classname="com.ttt.TEST.TestLoginWebExportExecl" name="LoginTest" time="54.694"/>
  <system-out/>
</testsuite> <!-- com.ttt.TEST.TestLoginWebExportExecl -->
