<?xml version="1.0" encoding="UTF-8"?>
<!-- Generated by org.testng.reporters.JUnitReportReporter -->
<testsuite hostname="LAPTOP-CS6VK75P" failures="0" tests="1" name="com.ttt.TEST.TestWeb" time="27.800" errors="0" timestamp="2023-12-06T23:17:49 ICT" skipped="0">
  <testcase classname="com.ttt.TEST.TestWeb" name="hanKookTest" time="27.800"/>
  <system-out/>
</testsuite> <!-- com.ttt.TEST.TestWeb -->
